<?xml version="1.0" encoding="UTF-8"?>
<!-- Generated by org.testng.reporters.JUnitReportReporter -->
<testsuite hostname="RICHA" failures="0" tests="3" name="com.rahulshettyacademy.eCommerce_tc_4_Hybrid" time="0.580" errors="1" timestamp="20 Nov 2024 15:30:00 GMT" skipped="2">
  <testcase classname="com.rahulshettyacademy.eCommerce_tc_4_Hybrid" name="fillForm" time="0.000">
    <skipped/>
  </testcase> <!-- fillForm -->
  <testcase classname="com.rahulshettyacademy.eCommerce_tc_4_Hybrid" name="fillForm" time="0.000">
    <skipped/>
  </testcase> <!-- fillForm -->
  <testcase classname="com.rahulshettyacademy.eCommerce_tc_4_Hybrid" name="preSetup" time="0.580">
    <error message="An unknown server-side error occurred while processing the command. Original error: Error executing adbExec. Original error: &#039;Command &#039;C:\\Users\\richa\\AppData\\Local\\Android\\Sdk\\platform-tools\\adb.exe -P 5037 -s emulator-5554 shell am start com.androidsample.generalstore/com.androidsample.generalstore.MainActivity&#039; exited with code 1&#039;; Command output: java.lang.SecurityException: Permission Denial: starting Intent { act=android.intent.action.MAIN cat=[android.intent.category.LAUNCHER] flg=0x10000000 cmp=com.androidsample.generalstore/.MainActivity } from null (pid=4861, uid=2000) not exported from uid 10079
	at android.os.Parcel.readException(Parcel.java:1683)
	at android.os.Parcel.readException(Parcel.java:1636)
	at android.app.ActivityManagerProxy.startActivityAsUser(ActivityManagerNative.java:3107)
	at com.android.commands.am.Am.runStart(Am.java:635)
	at com.android.commands.am.Am.onRun(Am.java:388)
	at com.android.internal.os.BaseCommand.run(BaseCommand.java:51)
	at com.android.commands.am.Am.main(Am.java:121)
	at com.android.internal.os.RuntimeInit.nativeFinishInit(Native Method)
	at com.android.internal.os.RuntimeInit.main(RuntimeInit.java:262)

Build info: version: &#039;4.26.0&#039;, revision: &#039;8ccf0219d7&#039;
System info: os.name: &#039;Windows 11&#039;, os.arch: &#039;amd64&#039;, os.version: &#039;10.0&#039;, java.version: &#039;17.0.10&#039;
Driver info: io.appium.java_client.android.AndroidDriver
Command: [bdefecf7-bef5-4b4d-9251-1cb938d1c336, executeScript {args=[{intent=com.androidsample.generalstore/com.androidsample.generalstore.MainActivity}], script=mobile: startActivity}]
Capabilities {appium:app: C://Users//richa//OneDrive/..., appium:appPackage: com.androidsample.generalstore, appium:automationName: UIAutomator2, appium:databaseEnabled: false, appium:desired: {app: C://Users//richa//OneDrive/..., automationName: UIAutomator2, deviceName: Small Phone API 24, platformName: ANDROID}, appium:deviceApiLevel: 24, appium:deviceManufacturer: Google, appium:deviceModel: Android SDK built for x86, appium:deviceName: emulator-5554, appium:deviceScreenDensity: 320, appium:deviceScreenSize: 720x1280, appium:deviceUDID: emulator-5554, appium:javascriptEnabled: true, appium:locationContextEnabled: false, appium:networkConnectionEnabled: true, appium:pixelRatio: 2, appium:platformVersion: 7.0, appium:statBarHeight: 48, appium:takesScreenshot: true, appium:viewportRect: {height: 1232, left: 0, top: 48, width: 720}, appium:warnings: {}, appium:webStorageEnabled: false, platformName: ANDROID}
Session ID: bdefecf7-bef5-4b4d-9251-1cb938d1c336" type="org.openqa.selenium.WebDriverException">
      <![CDATA[org.openqa.selenium.WebDriverException: An unknown server-side error occurred while processing the command. Original error: Error executing adbExec. Original error: 'Command 'C:\\Users\\richa\\AppData\\Local\\Android\\Sdk\\platform-tools\\adb.exe -P 5037 -s emulator-5554 shell am start com.androidsample.generalstore/com.androidsample.generalstore.MainActivity' exited with code 1'; Command output: java.lang.SecurityException: Permission Denial: starting Intent { act=android.intent.action.MAIN cat=[android.intent.category.LAUNCHER] flg=0x10000000 cmp=com.androidsample.generalstore/.MainActivity } from null (pid=4861, uid=2000) not exported from uid 10079
at android.os.Parcel.readException(Parcel.java:1683)
at android.os.Parcel.readException(Parcel.java:1636)
at android.app.ActivityManagerProxy.startActivityAsUser(ActivityManagerNative.java:3107)
at com.android.commands.am.Am.runStart(Am.java:635)
at com.android.commands.am.Am.onRun(Am.java:388)
at com.android.internal.os.BaseCommand.run(BaseCommand.java:51)
at com.android.commands.am.Am.main(Am.java:121)
at com.android.internal.os.RuntimeInit.nativeFinishInit(Native Method)
at com.android.internal.os.RuntimeInit.main(RuntimeInit.java:262)

Build info: version: '4.26.0', revision: '8ccf0219d7'
System info: os.name: 'Windows 11', os.arch: 'amd64', os.version: '10.0', java.version: '17.0.10'
Driver info: io.appium.java_client.android.AndroidDriver
Command: [bdefecf7-bef5-4b4d-9251-1cb938d1c336, executeScript {args=[{intent=com.androidsample.generalstore/com.androidsample.generalstore.MainActivity}], script=mobile: startActivity}]
Capabilities {appium:app: C://Users//richa//OneDrive/..., appium:appPackage: com.androidsample.generalstore, appium:automationName: UIAutomator2, appium:databaseEnabled: false, appium:desired: {app: C://Users//richa//OneDrive/..., automationName: UIAutomator2, deviceName: Small Phone API 24, platformName: ANDROID}, appium:deviceApiLevel: 24, appium:deviceManufacturer: Google, appium:deviceModel: Android SDK built for x86, appium:deviceName: emulator-5554, appium:deviceScreenDensity: 320, appium:deviceScreenSize: 720x1280, appium:deviceUDID: emulator-5554, appium:javascriptEnabled: true, appium:locationContextEnabled: false, appium:networkConnectionEnabled: true, appium:pixelRatio: 2, appium:platformVersion: 7.0, appium:statBarHeight: 48, appium:takesScreenshot: true, appium:viewportRect: {height: 1232, left: 0, top: 48, width: 720}, appium:warnings: {}, appium:webStorageEnabled: false, platformName: ANDROID}
Session ID: bdefecf7-bef5-4b4d-9251-1cb938d1c336
at java.base/jdk.internal.reflect.NativeConstructorAccessorImpl.newInstance0(Native Method)
at java.base/jdk.internal.reflect.NativeConstructorAccessorImpl.newInstance(NativeConstructorAccessorImpl.java:77)
at java.base/jdk.internal.reflect.DelegatingConstructorAccessorImpl.newInstance(DelegatingConstructorAccessorImpl.java:45)
at java.base/java.lang.reflect.Constructor.newInstanceWithCaller(Constructor.java:499)
at java.base/java.lang.reflect.Constructor.newInstance(Constructor.java:480)
at org.openqa.selenium.remote.ErrorCodec.decode(ErrorCodec.java:167)
at org.openqa.selenium.remote.codec.w3c.W3CHttpResponseCodec.decode(W3CHttpResponseCodec.java:138)
at org.openqa.selenium.remote.codec.w3c.W3CHttpResponseCodec.decode(W3CHttpResponseCodec.java:50)
at org.openqa.selenium.remote.HttpCommandExecutor.execute(HttpCommandExecutor.java:190)
at io.appium.java_client.remote.AppiumCommandExecutor.execute(AppiumCommandExecutor.java:237)
at org.openqa.selenium.remote.RemoteWebDriver.execute(RemoteWebDriver.java:545)
at org.openqa.selenium.remote.RemoteWebDriver.executeScript(RemoteWebDriver.java:476)
at com.rahulshettyacademy.pageobjects.android.FormPage.setActivity(FormPage.java:55)
at com.rahulshettyacademy.eCommerce_tc_4_Hybrid.preSetup(eCommerce_tc_4_Hybrid.java:54)
at java.base/jdk.internal.reflect.NativeMethodAccessorImpl.invoke0(Native Method)
at java.base/jdk.internal.reflect.NativeMethodAccessorImpl.invoke(NativeMethodAccessorImpl.java:77)
at java.base/jdk.internal.reflect.DelegatingMethodAccessorImpl.invoke(DelegatingMethodAccessorImpl.java:43)
at java.base/java.lang.reflect.Method.invoke(Method.java:568)
at org.testng.internal.MethodInvocationHelper.invokeMethod(MethodInvocationHelper.java:124)
at org.testng.internal.MethodInvocationHelper.invokeMethodConsideringTimeout(MethodInvocationHelper.java:59)
at org.testng.internal.Invoker.invokeConfigurationMethod(Invoker.java:458)
at org.testng.internal.Invoker.invokeConfigurations(Invoker.java:222)
at org.testng.internal.Invoker.invokeMethod(Invoker.java:523)
at org.testng.internal.Invoker.invokeTestMethod(Invoker.java:719)
at org.testng.internal.Invoker.invokeTestMethods(Invoker.java:989)
at org.testng.internal.TestMethodWorker.invokeTestMethods(TestMethodWorker.java:125)
at org.testng.internal.TestMethodWorker.run(TestMethodWorker.java:109)
at org.testng.TestRunner.privateRun(TestRunner.java:648)
at org.testng.TestRunner.run(TestRunner.java:505)
at org.testng.SuiteRunner.runTest(SuiteRunner.java:455)
at org.testng.SuiteRunner.runSequentially(SuiteRunner.java:450)
at org.testng.SuiteRunner.privateRun(SuiteRunner.java:415)
at org.testng.SuiteRunner.run(SuiteRunner.java:364)
at org.testng.SuiteRunnerWorker.runSuite(SuiteRunnerWorker.java:52)
at org.testng.SuiteRunnerWorker.run(SuiteRunnerWorker.java:84)
at org.testng.TestNG.runSuitesSequentially(TestNG.java:1208)
at org.testng.TestNG.runSuitesLocally(TestNG.java:1137)
at org.testng.TestNG.runSuites(TestNG.java:1049)
at org.testng.TestNG.run(TestNG.java:1017)
at org.testng.remote.AbstractRemoteTestNG.run(AbstractRemoteTestNG.java:115)
at org.testng.remote.RemoteTestNG.initAndRun(RemoteTestNG.java:251)
at org.testng.remote.RemoteTestNG.main(RemoteTestNG.java:77)
]]>
    </error>
  </testcase> <!-- preSetup -->
</testsuite> <!-- com.rahulshettyacademy.eCommerce_tc_4_Hybrid -->
